<?xml version="1.0" encoding="UTF-8"?>
<testng-results ignored="0" total="2" passed="2" failed="0" skipped="0">
  <reporter-output>
  </reporter-output>
  <suite started-at="2024-05-07T13:27:08 EDT" name="Default suite" finished-at="2024-05-07T13:27:22 EDT" duration-ms="13816">
    <groups>
    </groups>
    <test started-at="2024-05-07T13:27:08 EDT" name="Default test" finished-at="2024-05-07T13:27:22 EDT" duration-ms="13816">
      <class name="com.ws.testcase.PasswordRecoveryPage">
        <test-method is-config="true" signature="setUpReport()[pri:0, instance:com.ws.testcase.PasswordRecoveryPage@2ab4bc72]" started-at="2024-05-07T13:27:08 EDT" name="setUpReport" finished-at="2024-05-07T13:27:08 EDT" duration-ms="169" status="PASS">
          <reporter-output>
          </reporter-output>
        </test-method> <!-- setUpReport -->
        <test-method is-config="true" signature="setUp()[pri:0, instance:com.ws.testcase.PasswordRecoveryPage@2ab4bc72]" started-at="2024-05-07T13:27:08 EDT" name="setUp" finished-at="2024-05-07T13:27:13 EDT" duration-ms="5021" status="PASS">
          <reporter-output>
          </reporter-output>
        </test-method> <!-- setUp -->
        <test-method signature="testForgotPassword()[pri:1, instance:com.ws.testcase.PasswordRecoveryPage@2ab4bc72]" started-at="2024-05-07T13:27:13 EDT" name="testForgotPassword" finished-at="2024-05-07T13:27:15 EDT" duration-ms="1546" status="PASS">
          <reporter-output>
          </reporter-output>
        </test-method> <!-- testForgotPassword -->
        <test-method is-config="true" signature="tearDown(org.testng.ITestResult)[pri:0, instance:com.ws.testcase.PasswordRecoveryPage@2ab4bc72]" started-at="2024-05-07T13:27:15 EDT" name="tearDown" finished-at="2024-05-07T13:27:16 EDT" duration-ms="811" status="PASS">
          <params>
            <param index="0">
              <value>
                <![CDATA[[TestResult name=testForgotPassword status=SUCCESS method=PasswordRecoveryPage.testForgotPassword()[pri:1, instance:com.ws.testcase.PasswordRecoveryPage@2ab4bc72] output={null}]]]>
              </value>
            </param>
          </params>
          <reporter-output>
          </reporter-output>
        </test-method> <!-- tearDown -->
        <test-method is-config="true" signature="setUp()[pri:0, instance:com.ws.testcase.PasswordRecoveryPage@2ab4bc72]" started-at="2024-05-07T13:27:16 EDT" name="setUp" finished-at="2024-05-07T13:27:20 EDT" duration-ms="4496" status="PASS">
          <reporter-output>
          </reporter-output>
        </test-method> <!-- setUp -->
        <test-method signature="testInvalidEmail()[pri:2, instance:com.ws.testcase.PasswordRecoveryPage@2ab4bc72]" started-at="2024-05-07T13:27:20 EDT" name="testInvalidEmail" finished-at="2024-05-07T13:27:22 EDT" duration-ms="1534" status="PASS">
          <reporter-output>
          </reporter-output>
        </test-method> <!-- testInvalidEmail -->
        <test-method is-config="true" signature="tearDown(org.testng.ITestResult)[pri:0, instance:com.ws.testcase.PasswordRecoveryPage@2ab4bc72]" started-at="2024-05-07T13:27:22 EDT" name="tearDown" finished-at="2024-05-07T13:27:22 EDT" duration-ms="356" status="PASS">
          <params>
            <param index="0">
              <value>
                <![CDATA[[TestResult name=testInvalidEmail status=SUCCESS method=PasswordRecoveryPage.testInvalidEmail()[pri:2, instance:com.ws.testcase.PasswordRecoveryPage@2ab4bc72] output={null}]]]>
              </value>
            </param>
          </params>
          <reporter-output>
          </reporter-output>
        </test-method> <!-- tearDown -->
      </class> <!-- com.ws.testcase.PasswordRecoveryPage -->
    </test> <!-- Default test -->
  </suite> <!-- Default suite -->
</testng-results>
